  % Total    % Received % Xferd  Average Speed   Time    Time     Time  Current
                                 Dload  Upload   Total   Spent    Left  Speed
  0     0    0     0    0     0      0      0 --:--:-- --:--:-- --:--:--     0*   Trying 18.223.171.143:80...
  0     0    0     0    0     0      0      0 --:--:--  0:00:01 --:--:--     0* Connected to ec2-18-223-171-143.us-east-2.compute.amazonaws.com (18.223.171.143) port 80
> GET /static/js/bundle.js HTTP/1.1
> Host: ec2-18-223-171-143.us-east-2.compute.amazonaws.com
> User-Agent: curl/8.4.0
> Accept: */*
> Cookie: login=eyJ1c2VybmFtZSI6ImF3ZGVvcmlvIn0.Z66UKA.HhBtIJ0oP8vHPMpFNT4OsMvdTVI
> 
< HTTP/1.1 200 OK
< Server: nginx/1.24.0 (Ubuntu)
< Date: Fri, 14 Feb 2025 00:56:35 GMT
< Content-Type: text/javascript; charset=utf-8
< Content-Length: 691742
< Connection: keep-alive
< Content-Disposition: inline; filename=bundle.js
< Last-Modified: Fri, 14 Feb 2025 00:51:18 GMT
< Cache-Control: no-cache
< ETag: "1739494278.4625118-691742-3954186017"
< 
{ [1101 bytes data]
 45  675k   45  307k    0     0   188k      0  0:00:03  0:00:01  0:00:02  188k100  675k  100  675k    0     0   339k      0  0:00:01  0:00:01 --:--:--  339k
* Connection #0 to host ec2-18-223-171-143.us-east-2.compute.amazonaws.com left intact
